<?xml version="1.0" encoding="UTF-8"?>
<testsuite xmlns:xsi="http://www.w3.org/2001/XMLSchema-instance" xsi:noNamespaceSchemaLocation="https://maven.apache.org/surefire/maven-surefire-plugin/xsd/surefire-test-report.xsd" name="org.impelsys.AWSLambdaDemoApplication.AppTest" time="0.005" tests="1" errors="0" skipped="0" failures="0">
  <properties>
    <property name="java.specification.version" value="16"/>
    <property name="sun.cpu.isalist" value="amd64"/>
    <property name="sun.jnu.encoding" value="Cp1252"/>
    <property name="java.class.path" value="C:\Users\tanvi.shetty\eclipse-workspace\AWSLambdaDemoApplication\target\test-classes;C:\Users\tanvi.shetty\eclipse-workspace\AWSLambdaDemoApplication\target\classes;C:\Users\tanvi.shetty\.m2\repository\org\springframework\boot\spring-boot-starter-web\2.5.5\spring-boot-starter-web-2.5.5.jar;C:\Users\tanvi.shetty\.m2\repository\org\springframework\boot\spring-boot-starter\2.5.5\spring-boot-starter-2.5.5.jar;C:\Users\tanvi.shetty\.m2\repository\org\springframework\boot\spring-boot\2.5.5\spring-boot-2.5.5.jar;C:\Users\tanvi.shetty\.m2\repository\org\springframework\boot\spring-boot-autoconfigure\2.5.5\spring-boot-autoconfigure-2.5.5.jar;C:\Users\tanvi.shetty\.m2\repository\org\springframework\boot\spring-boot-starter-logging\2.5.5\spring-boot-starter-logging-2.5.5.jar;C:\Users\tanvi.shetty\.m2\repository\ch\qos\logback\logback-classic\1.2.6\logback-classic-1.2.6.jar;C:\Users\tanvi.shetty\.m2\repository\ch\qos\logback\logback-core\1.2.6\logback-core-1.2.6.jar;C:\Users\tanvi.shetty\.m2\repository\org\apache\logging\log4j\log4j-to-slf4j\2.14.1\log4j-to-slf4j-2.14.1.jar;C:\Users\tanvi.shetty\.m2\repository\org\apache\logging\log4j\log4j-api\2.14.1\log4j-api-2.14.1.jar;C:\Users\tanvi.shetty\.m2\repository\org\slf4j\jul-to-slf4j\1.7.32\jul-to-slf4j-1.7.32.jar;C:\Users\tanvi.shetty\.m2\repository\jakarta\annotation\jakarta.annotation-api\1.3.5\jakarta.annotation-api-1.3.5.jar;C:\Users\tanvi.shetty\.m2\repository\org\springframework\spring-core\5.3.10\spring-core-5.3.10.jar;C:\Users\tanvi.shetty\.m2\repository\org\springframework\spring-jcl\5.3.10\spring-jcl-5.3.10.jar;C:\Users\tanvi.shetty\.m2\repository\org\yaml\snakeyaml\1.28\snakeyaml-1.28.jar;C:\Users\tanvi.shetty\.m2\repository\org\springframework\boot\spring-boot-starter-json\2.5.5\spring-boot-starter-json-2.5.5.jar;C:\Users\tanvi.shetty\.m2\repository\com\fasterxml\jackson\core\jackson-databind\2.12.5\jackson-databind-2.12.5.jar;C:\Users\tanvi.shetty\.m2\repository\com\fasterxml\jackson\datatype\jackson-datatype-jdk8\2.12.5\jackson-datatype-jdk8-2.12.5.jar;C:\Users\tanvi.shetty\.m2\repository\com\fasterxml\jackson\datatype\jackson-datatype-jsr310\2.12.5\jackson-datatype-jsr310-2.12.5.jar;C:\Users\tanvi.shetty\.m2\repository\com\fasterxml\jackson\module\jackson-module-parameter-names\2.12.5\jackson-module-parameter-names-2.12.5.jar;C:\Users\tanvi.shetty\.m2\repository\org\springframework\boot\spring-boot-starter-tomcat\2.5.5\spring-boot-starter-tomcat-2.5.5.jar;C:\Users\tanvi.shetty\.m2\repository\org\apache\tomcat\embed\tomcat-embed-core\9.0.53\tomcat-embed-core-9.0.53.jar;C:\Users\tanvi.shetty\.m2\repository\org\apache\tomcat\embed\tomcat-embed-el\9.0.53\tomcat-embed-el-9.0.53.jar;C:\Users\tanvi.shetty\.m2\repository\org\apache\tomcat\embed\tomcat-embed-websocket\9.0.53\tomcat-embed-websocket-9.0.53.jar;C:\Users\tanvi.shetty\.m2\repository\org\springframework\spring-web\5.3.10\spring-web-5.3.10.jar;C:\Users\tanvi.shetty\.m2\repository\org\springframework\spring-beans\5.3.10\spring-beans-5.3.10.jar;C:\Users\tanvi.shetty\.m2\repository\org\springframework\spring-webmvc\5.3.10\spring-webmvc-5.3.10.jar;C:\Users\tanvi.shetty\.m2\repository\org\springframework\spring-aop\5.3.10\spring-aop-5.3.10.jar;C:\Users\tanvi.shetty\.m2\repository\org\springframework\spring-context\5.3.10\spring-context-5.3.10.jar;C:\Users\tanvi.shetty\.m2\repository\org\springframework\spring-expression\5.3.10\spring-expression-5.3.10.jar;C:\Users\tanvi.shetty\.m2\repository\org\springframework\cloud\spring-cloud-function-adapter-aws\3.1.4\spring-cloud-function-adapter-aws-3.1.4.jar;C:\Users\tanvi.shetty\.m2\repository\org\springframework\cloud\spring-cloud-function-context\3.1.4\spring-cloud-function-context-3.1.4.jar;C:\Users\tanvi.shetty\.m2\repository\net\jodah\typetools\0.6.2\typetools-0.6.2.jar;C:\Users\tanvi.shetty\.m2\repository\org\springframework\cloud\spring-cloud-function-core\3.1.4\spring-cloud-function-core-3.1.4.jar;C:\Users\tanvi.shetty\.m2\repository\io\projectreactor\reactor-core\3.4.10\reactor-core-3.4.10.jar;C:\Users\tanvi.shetty\.m2\repository\org\reactivestreams\reactive-streams\1.0.3\reactive-streams-1.0.3.jar;C:\Users\tanvi.shetty\.m2\repository\org\springframework\spring-messaging\5.3.10\spring-messaging-5.3.10.jar;C:\Users\tanvi.shetty\.m2\repository\com\fasterxml\jackson\datatype\jackson-datatype-joda\2.12.5\jackson-datatype-joda-2.12.5.jar;C:\Users\tanvi.shetty\.m2\repository\com\fasterxml\jackson\core\jackson-annotations\2.12.5\jackson-annotations-2.12.5.jar;C:\Users\tanvi.shetty\.m2\repository\com\fasterxml\jackson\core\jackson-core\2.12.5\jackson-core-2.12.5.jar;C:\Users\tanvi.shetty\.m2\repository\javax\annotation\javax.annotation-api\1.3.2\javax.annotation-api-1.3.2.jar;C:\Users\tanvi.shetty\.m2\repository\com\amazonaws\aws-lambda-java-core\1.2.1\aws-lambda-java-core-1.2.1.jar;C:\Users\tanvi.shetty\.m2\repository\com\amazonaws\aws-lambda-java-events\3.10.0\aws-lambda-java-events-3.10.0.jar;C:\Users\tanvi.shetty\.m2\repository\joda-time\joda-time\2.6\joda-time-2.6.jar;C:\Users\tanvi.shetty\.m2\repository\org\springframework\cloud\spring-cloud-starter-aws\2.2.6.RELEASE\spring-cloud-starter-aws-2.2.6.RELEASE.jar;C:\Users\tanvi.shetty\.m2\repository\org\springframework\cloud\spring-cloud-aws-context\2.2.6.RELEASE\spring-cloud-aws-context-2.2.6.RELEASE.jar;C:\Users\tanvi.shetty\.m2\repository\org\springframework\cloud\spring-cloud-aws-core\2.2.6.RELEASE\spring-cloud-aws-core-2.2.6.RELEASE.jar;C:\Users\tanvi.shetty\.m2\repository\com\amazonaws\aws-java-sdk-core\1.11.792\aws-java-sdk-core-1.11.792.jar;C:\Users\tanvi.shetty\.m2\repository\org\apache\httpcomponents\httpclient\4.5.13\httpclient-4.5.13.jar;C:\Users\tanvi.shetty\.m2\repository\org\apache\httpcomponents\httpcore\4.4.14\httpcore-4.4.14.jar;C:\Users\tanvi.shetty\.m2\repository\commons-codec\commons-codec\1.15\commons-codec-1.15.jar;C:\Users\tanvi.shetty\.m2\repository\software\amazon\ion\ion-java\1.0.2\ion-java-1.0.2.jar;C:\Users\tanvi.shetty\.m2\repository\com\fasterxml\jackson\dataformat\jackson-dataformat-cbor\2.12.5\jackson-dataformat-cbor-2.12.5.jar;C:\Users\tanvi.shetty\.m2\repository\com\amazonaws\aws-java-sdk-s3\1.11.792\aws-java-sdk-s3-1.11.792.jar;C:\Users\tanvi.shetty\.m2\repository\com\amazonaws\aws-java-sdk-kms\1.11.792\aws-java-sdk-kms-1.11.792.jar;C:\Users\tanvi.shetty\.m2\repository\com\amazonaws\aws-java-sdk-ec2\1.11.792\aws-java-sdk-ec2-1.11.792.jar;C:\Users\tanvi.shetty\.m2\repository\com\amazonaws\aws-java-sdk-cloudformation\1.11.792\aws-java-sdk-cloudformation-1.11.792.jar;C:\Users\tanvi.shetty\.m2\repository\org\springframework\cloud\spring-cloud-aws-autoconfigure\2.2.6.RELEASE\spring-cloud-aws-autoconfigure-2.2.6.RELEASE.jar;C:\Users\tanvi.shetty\.m2\repository\org\slf4j\slf4j-api\1.7.32\slf4j-api-1.7.32.jar;C:\Users\tanvi.shetty\.m2\repository\javax\activation\javax.activation-api\1.2.0\javax.activation-api-1.2.0.jar;C:\Users\tanvi.shetty\.m2\repository\org\springframework\cloud\spring-cloud-starter-aws-messaging\2.2.6.RELEASE\spring-cloud-starter-aws-messaging-2.2.6.RELEASE.jar;C:\Users\tanvi.shetty\.m2\repository\org\springframework\cloud\spring-cloud-aws-messaging\2.2.6.RELEASE\spring-cloud-aws-messaging-2.2.6.RELEASE.jar;C:\Users\tanvi.shetty\.m2\repository\com\amazonaws\aws-java-sdk-sns\1.11.792\aws-java-sdk-sns-1.11.792.jar;C:\Users\tanvi.shetty\.m2\repository\com\amazonaws\jmespath-java\1.11.792\jmespath-java-1.11.792.jar;C:\Users\tanvi.shetty\.m2\repository\com\amazonaws\aws-java-sdk-sqs\1.11.792\aws-java-sdk-sqs-1.11.792.jar;C:\Users\tanvi.shetty\.m2\repository\junit\junit\3.8.1\junit-3.8.1.jar;"/>
    <property name="java.vm.vendor" value="Oracle Corporation"/>
    <property name="sun.arch.data.model" value="64"/>
    <property name="user.variant" value=""/>
    <property name="java.vendor.url" value="https://java.oracle.com/"/>
    <property name="user.timezone" value="Asia/Calcutta"/>
    <property name="os.name" value="Windows 10"/>
    <property name="java.vm.specification.version" value="16"/>
    <property name="sun.java.launcher" value="SUN_STANDARD"/>
    <property name="user.country" value="US"/>
    <property name="sun.boot.library.path" value="C:\Users\tanvi.shetty\.p2\pool\plugins\org.eclipse.justj.openjdk.hotspot.jre.full.win32.x86_64_16.0.2.v20210721-1149\jre\bin"/>
    <property name="sun.java.command" value="C:\Users\TANVI~1.SHE\AppData\Local\Temp\surefire3620072281088935430\surefirebooter4443124463412475518.jar C:\Users\tanvi.shetty\AppData\Local\Temp\surefire3620072281088935430 2021-10-07T12-01-32_015-jvmRun1 surefire4606117212413178907tmp surefire_03421196120678848545tmp"/>
    <property name="jdk.debug" value="release"/>
    <property name="surefire.test.class.path" value="C:\Users\tanvi.shetty\eclipse-workspace\AWSLambdaDemoApplication\target\test-classes;C:\Users\tanvi.shetty\eclipse-workspace\AWSLambdaDemoApplication\target\classes;C:\Users\tanvi.shetty\.m2\repository\org\springframework\boot\spring-boot-starter-web\2.5.5\spring-boot-starter-web-2.5.5.jar;C:\Users\tanvi.shetty\.m2\repository\org\springframework\boot\spring-boot-starter\2.5.5\spring-boot-starter-2.5.5.jar;C:\Users\tanvi.shetty\.m2\repository\org\springframework\boot\spring-boot\2.5.5\spring-boot-2.5.5.jar;C:\Users\tanvi.shetty\.m2\repository\org\springframework\boot\spring-boot-autoconfigure\2.5.5\spring-boot-autoconfigure-2.5.5.jar;C:\Users\tanvi.shetty\.m2\repository\org\springframework\boot\spring-boot-starter-logging\2.5.5\spring-boot-starter-logging-2.5.5.jar;C:\Users\tanvi.shetty\.m2\repository\ch\qos\logback\logback-classic\1.2.6\logback-classic-1.2.6.jar;C:\Users\tanvi.shetty\.m2\repository\ch\qos\logback\logback-core\1.2.6\logback-core-1.2.6.jar;C:\Users\tanvi.shetty\.m2\repository\org\apache\logging\log4j\log4j-to-slf4j\2.14.1\log4j-to-slf4j-2.14.1.jar;C:\Users\tanvi.shetty\.m2\repository\org\apache\logging\log4j\log4j-api\2.14.1\log4j-api-2.14.1.jar;C:\Users\tanvi.shetty\.m2\repository\org\slf4j\jul-to-slf4j\1.7.32\jul-to-slf4j-1.7.32.jar;C:\Users\tanvi.shetty\.m2\repository\jakarta\annotation\jakarta.annotation-api\1.3.5\jakarta.annotation-api-1.3.5.jar;C:\Users\tanvi.shetty\.m2\repository\org\springframework\spring-core\5.3.10\spring-core-5.3.10.jar;C:\Users\tanvi.shetty\.m2\repository\org\springframework\spring-jcl\5.3.10\spring-jcl-5.3.10.jar;C:\Users\tanvi.shetty\.m2\repository\org\yaml\snakeyaml\1.28\snakeyaml-1.28.jar;C:\Users\tanvi.shetty\.m2\repository\org\springframework\boot\spring-boot-starter-json\2.5.5\spring-boot-starter-json-2.5.5.jar;C:\Users\tanvi.shetty\.m2\repository\com\fasterxml\jackson\core\jackson-databind\2.12.5\jackson-databind-2.12.5.jar;C:\Users\tanvi.shetty\.m2\repository\com\fasterxml\jackson\datatype\jackson-datatype-jdk8\2.12.5\jackson-datatype-jdk8-2.12.5.jar;C:\Users\tanvi.shetty\.m2\repository\com\fasterxml\jackson\datatype\jackson-datatype-jsr310\2.12.5\jackson-datatype-jsr310-2.12.5.jar;C:\Users\tanvi.shetty\.m2\repository\com\fasterxml\jackson\module\jackson-module-parameter-names\2.12.5\jackson-module-parameter-names-2.12.5.jar;C:\Users\tanvi.shetty\.m2\repository\org\springframework\boot\spring-boot-starter-tomcat\2.5.5\spring-boot-starter-tomcat-2.5.5.jar;C:\Users\tanvi.shetty\.m2\repository\org\apache\tomcat\embed\tomcat-embed-core\9.0.53\tomcat-embed-core-9.0.53.jar;C:\Users\tanvi.shetty\.m2\repository\org\apache\tomcat\embed\tomcat-embed-el\9.0.53\tomcat-embed-el-9.0.53.jar;C:\Users\tanvi.shetty\.m2\repository\org\apache\tomcat\embed\tomcat-embed-websocket\9.0.53\tomcat-embed-websocket-9.0.53.jar;C:\Users\tanvi.shetty\.m2\repository\org\springframework\spring-web\5.3.10\spring-web-5.3.10.jar;C:\Users\tanvi.shetty\.m2\repository\org\springframework\spring-beans\5.3.10\spring-beans-5.3.10.jar;C:\Users\tanvi.shetty\.m2\repository\org\springframework\spring-webmvc\5.3.10\spring-webmvc-5.3.10.jar;C:\Users\tanvi.shetty\.m2\repository\org\springframework\spring-aop\5.3.10\spring-aop-5.3.10.jar;C:\Users\tanvi.shetty\.m2\repository\org\springframework\spring-context\5.3.10\spring-context-5.3.10.jar;C:\Users\tanvi.shetty\.m2\repository\org\springframework\spring-expression\5.3.10\spring-expression-5.3.10.jar;C:\Users\tanvi.shetty\.m2\repository\org\springframework\cloud\spring-cloud-function-adapter-aws\3.1.4\spring-cloud-function-adapter-aws-3.1.4.jar;C:\Users\tanvi.shetty\.m2\repository\org\springframework\cloud\spring-cloud-function-context\3.1.4\spring-cloud-function-context-3.1.4.jar;C:\Users\tanvi.shetty\.m2\repository\net\jodah\typetools\0.6.2\typetools-0.6.2.jar;C:\Users\tanvi.shetty\.m2\repository\org\springframework\cloud\spring-cloud-function-core\3.1.4\spring-cloud-function-core-3.1.4.jar;C:\Users\tanvi.shetty\.m2\repository\io\projectreactor\reactor-core\3.4.10\reactor-core-3.4.10.jar;C:\Users\tanvi.shetty\.m2\repository\org\reactivestreams\reactive-streams\1.0.3\reactive-streams-1.0.3.jar;C:\Users\tanvi.shetty\.m2\repository\org\springframework\spring-messaging\5.3.10\spring-messaging-5.3.10.jar;C:\Users\tanvi.shetty\.m2\repository\com\fasterxml\jackson\datatype\jackson-datatype-joda\2.12.5\jackson-datatype-joda-2.12.5.jar;C:\Users\tanvi.shetty\.m2\repository\com\fasterxml\jackson\core\jackson-annotations\2.12.5\jackson-annotations-2.12.5.jar;C:\Users\tanvi.shetty\.m2\repository\com\fasterxml\jackson\core\jackson-core\2.12.5\jackson-core-2.12.5.jar;C:\Users\tanvi.shetty\.m2\repository\javax\annotation\javax.annotation-api\1.3.2\javax.annotation-api-1.3.2.jar;C:\Users\tanvi.shetty\.m2\repository\com\amazonaws\aws-lambda-java-core\1.2.1\aws-lambda-java-core-1.2.1.jar;C:\Users\tanvi.shetty\.m2\repository\com\amazonaws\aws-lambda-java-events\3.10.0\aws-lambda-java-events-3.10.0.jar;C:\Users\tanvi.shetty\.m2\repository\joda-time\joda-time\2.6\joda-time-2.6.jar;C:\Users\tanvi.shetty\.m2\repository\org\springframework\cloud\spring-cloud-starter-aws\2.2.6.RELEASE\spring-cloud-starter-aws-2.2.6.RELEASE.jar;C:\Users\tanvi.shetty\.m2\repository\org\springframework\cloud\spring-cloud-aws-context\2.2.6.RELEASE\spring-cloud-aws-context-2.2.6.RELEASE.jar;C:\Users\tanvi.shetty\.m2\repository\org\springframework\cloud\spring-cloud-aws-core\2.2.6.RELEASE\spring-cloud-aws-core-2.2.6.RELEASE.jar;C:\Users\tanvi.shetty\.m2\repository\com\amazonaws\aws-java-sdk-core\1.11.792\aws-java-sdk-core-1.11.792.jar;C:\Users\tanvi.shetty\.m2\repository\org\apache\httpcomponents\httpclient\4.5.13\httpclient-4.5.13.jar;C:\Users\tanvi.shetty\.m2\repository\org\apache\httpcomponents\httpcore\4.4.14\httpcore-4.4.14.jar;C:\Users\tanvi.shetty\.m2\repository\commons-codec\commons-codec\1.15\commons-codec-1.15.jar;C:\Users\tanvi.shetty\.m2\repository\software\amazon\ion\ion-java\1.0.2\ion-java-1.0.2.jar;C:\Users\tanvi.shetty\.m2\repository\com\fasterxml\jackson\dataformat\jackson-dataformat-cbor\2.12.5\jackson-dataformat-cbor-2.12.5.jar;C:\Users\tanvi.shetty\.m2\repository\com\amazonaws\aws-java-sdk-s3\1.11.792\aws-java-sdk-s3-1.11.792.jar;C:\Users\tanvi.shetty\.m2\repository\com\amazonaws\aws-java-sdk-kms\1.11.792\aws-java-sdk-kms-1.11.792.jar;C:\Users\tanvi.shetty\.m2\repository\com\amazonaws\aws-java-sdk-ec2\1.11.792\aws-java-sdk-ec2-1.11.792.jar;C:\Users\tanvi.shetty\.m2\repository\com\amazonaws\aws-java-sdk-cloudformation\1.11.792\aws-java-sdk-cloudformation-1.11.792.jar;C:\Users\tanvi.shetty\.m2\repository\org\springframework\cloud\spring-cloud-aws-autoconfigure\2.2.6.RELEASE\spring-cloud-aws-autoconfigure-2.2.6.RELEASE.jar;C:\Users\tanvi.shetty\.m2\repository\org\slf4j\slf4j-api\1.7.32\slf4j-api-1.7.32.jar;C:\Users\tanvi.shetty\.m2\repository\javax\activation\javax.activation-api\1.2.0\javax.activation-api-1.2.0.jar;C:\Users\tanvi.shetty\.m2\repository\org\springframework\cloud\spring-cloud-starter-aws-messaging\2.2.6.RELEASE\spring-cloud-starter-aws-messaging-2.2.6.RELEASE.jar;C:\Users\tanvi.shetty\.m2\repository\org\springframework\cloud\spring-cloud-aws-messaging\2.2.6.RELEASE\spring-cloud-aws-messaging-2.2.6.RELEASE.jar;C:\Users\tanvi.shetty\.m2\repository\com\amazonaws\aws-java-sdk-sns\1.11.792\aws-java-sdk-sns-1.11.792.jar;C:\Users\tanvi.shetty\.m2\repository\com\amazonaws\jmespath-java\1.11.792\jmespath-java-1.11.792.jar;C:\Users\tanvi.shetty\.m2\repository\com\amazonaws\aws-java-sdk-sqs\1.11.792\aws-java-sdk-sqs-1.11.792.jar;C:\Users\tanvi.shetty\.m2\repository\junit\junit\3.8.1\junit-3.8.1.jar;"/>
    <property name="sun.cpu.endian" value="little"/>
    <property name="user.home" value="C:\Users\tanvi.shetty"/>
    <property name="user.language" value="en"/>
    <property name="java.specification.vendor" value="Oracle Corporation"/>
    <property name="java.version.date" value="2021-07-20"/>
    <property name="java.home" value="C:\Users\tanvi.shetty\.p2\pool\plugins\org.eclipse.justj.openjdk.hotspot.jre.full.win32.x86_64_16.0.2.v20210721-1149\jre"/>
    <property name="file.separator" value="\"/>
    <property name="basedir" value="C:\Users\tanvi.shetty\eclipse-workspace\AWSLambdaDemoApplication"/>
    <property name="java.vm.compressedOopsMode" value="Zero based"/>
    <property name="line.separator" value="&#10;"/>
    <property name="java.vm.specification.vendor" value="Oracle Corporation"/>
    <property name="java.specification.name" value="Java Platform API Specification"/>
    <property name="surefire.real.class.path" value="C:\Users\TANVI~1.SHE\AppData\Local\Temp\surefire3620072281088935430\surefirebooter4443124463412475518.jar"/>
    <property name="user.script" value=""/>
    <property name="sun.management.compiler" value="HotSpot 64-Bit Tiered Compilers"/>
    <property name="java.runtime.version" value="16.0.2+7-67"/>
    <property name="user.name" value="tanvi.shetty"/>
    <property name="path.separator" value=";"/>
    <property name="os.version" value="10.0"/>
    <property name="java.runtime.name" value="OpenJDK Runtime Environment"/>
    <property name="file.encoding" value="Cp1252"/>
    <property name="java.vm.name" value="OpenJDK 64-Bit Server VM"/>
    <property name="localRepository" value="C:\Users\tanvi.shetty\.m2\repository"/>
    <property name="java.vendor.url.bug" value="https://bugreport.java.com/bugreport/"/>
    <property name="java.io.tmpdir" value="C:\Users\TANVI~1.SHE\AppData\Local\Temp\"/>
    <property name="java.version" value="16.0.2"/>
    <property name="user.dir" value="C:\Users\tanvi.shetty\eclipse-workspace\AWSLambdaDemoApplication"/>
    <property name="os.arch" value="amd64"/>
    <property name="java.vm.specification.name" value="Java Virtual Machine Specification"/>
    <property name="sun.os.patch.level" value=""/>
    <property name="java.library.path" value="C:\Users\tanvi.shetty\.p2\pool\plugins\org.eclipse.justj.openjdk.hotspot.jre.full.win32.x86_64_16.0.2.v20210721-1149\jre\bin;C:\Windows\Sun\Java\bin;C:\Windows\system32;C:\Windows;C:/Users/tanvi.shetty/.p2/pool/plugins/org.eclipse.justj.openjdk.hotspot.jre.full.win32.x86_64_16.0.2.v20210721-1149/jre/bin/server;C:/Users/tanvi.shetty/.p2/pool/plugins/org.eclipse.justj.openjdk.hotspot.jre.full.win32.x86_64_16.0.2.v20210721-1149/jre/bin;C:\Program Files (x86)\Common Files\Oracle\Java\javapath;C:\Windows\system32;C:\Windows;C:\Windows\System32\Wbem;C:\Windows\System32\WindowsPowerShell\v1.0\;C:\Windows\System32\OpenSSH\;C:\Program Files\Java\jdk1.8.0_301\bin;C:\Users\tanvi.shetty\Downloads\apache-maven-3.8.2-bin\apache-maven-3.8.2\bin;C:\Users\tanvi.shetty\AppData\Local\Microsoft\WindowsApps;;C:\Users\tanvi.shetty\Desktop;;."/>
    <property name="java.vm.info" value="mixed mode"/>
    <property name="java.vendor" value="Oracle Corporation"/>
    <property name="java.vm.version" value="16.0.2+7-67"/>
    <property name="sun.io.unicode.encoding" value="UnicodeLittle"/>
    <property name="java.class.version" value="60.0"/>
  </properties>
  <testcase name="testApp" classname="org.impelsys.AWSLambdaDemoApplication.AppTest" time="0.002"/>
</testsuite>